# JRE version: Java(TM) SE Runtime Environment (8.0_91-b15) (build 1.8.0_91-b15)
# Java VM: Java HotSpot(TM) Client VM (25.91-b15 mixed mode windows-x86 )
Heap:
 def new generation   total 4928K, used 4927K [0x03e00000, 0x04350000, 0x19350000)
  eden space 4416K, 100% used [0x03e00000, 0x04250000, 0x04250000)
  from space 512K,  99% used [0x042d0000, 0x0434fff8, 0x04350000)
  to   space 512K,  99% used [0x04250000, 0x042cfff8, 0x042d0000)
 tenured generation   total 17476K, used 17475K [0x19350000, 0x1a461000, 0x43e00000)
   the space 17476K,  99% used [0x19350000, 0x1a460fb0, 0x1a461000, 0x1a461000)
 Metaspace       used 3425K, capacity 3462K, committed 3520K, reserved 4480K
GC Heap History (10 events):
Event: 1.591 GC heap after
Heap after GC invocations=21 (full 1):
 def new generation   total 4928K, used 511K [0x03e00000, 0x04350000, 0x19350000)
  eden space 4416K,   0% used [0x03e00000, 0x03e00000, 0x04250000)
  from space 512K,  99% used [0x042d0000, 0x0434fff8, 0x04350000)
  to   space 512K,   0% used [0x04250000, 0x04250000, 0x042d0000)
 tenured generation   total 17180K, used 14385K [0x19350000, 0x1a417000, 0x43e00000)
   the space 17180K,  83% used [0x19350000, 0x1a15c458, 0x1a15c600, 0x1a417000)
 Metaspace       used 3425K, capacity 3462K, committed 3520K, reserved 4480K
}
Event: 1.622 GC heap before
{Heap before GC invocations=21 (full 1):
 def new generation   total 4928K, used 4927K [0x03e00000, 0x04350000, 0x19350000)
  eden space 4416K, 100% used [0x03e00000, 0x04250000, 0x04250000)
  from space 512K,  99% used [0x042d0000, 0x0434fff8, 0x04350000)
  to   space 512K,   0% used [0x04250000, 0x04250000, 0x042d0000)
 tenured generation   total 17180K, used 14385K [0x19350000, 0x1a417000, 0x43e00000)
   the space 17180K,  83% used [0x19350000, 0x1a15c458, 0x1a15c600, 0x1a417000)
 Metaspace       used 3425K, capacity 3462K, committed 3520K, reserved 4480K
Event: 1.625 GC heap after
Heap after GC invocations=22 (full 1):
 def new generation   total 4928K, used 511K [0x03e00000, 0x04350000, 0x19350000)
  eden space 4416K,   0% used [0x03e00000, 0x03e00000, 0x04250000)
  from space 512K,  99% used [0x04250000, 0x042cfff8, 0x042d0000)
  to   space 512K,   0% used [0x042d0000, 0x042d0000, 0x04350000)
 tenured generation   total 17180K, used 15108K [0x19350000, 0x1a417000, 0x43e00000)
   the space 17180K,  87% used [0x19350000, 0x1a211268, 0x1a211400, 0x1a417000)
 Metaspace       used 3425K, capacity 3462K, committed 3520K, reserved 4480K
}
Event: 1.657 GC heap before
{Heap before GC invocations=22 (full 1):
 def new generation   total 4928K, used 4927K [0x03e00000, 0x04350000, 0x19350000)
  eden space 4416K, 100% used [0x03e00000, 0x04250000, 0x04250000)
  from space 512K,  99% used [0x04250000, 0x042cfff8, 0x042d0000)
  to   space 512K,   0% used [0x042d0000, 0x042d0000, 0x04350000)
 tenured generation   total 17180K, used 15108K [0x19350000, 0x1a417000, 0x43e00000)
   the space 17180K,  87% used [0x19350000, 0x1a211268, 0x1a211400, 0x1a417000)
 Metaspace       used 3425K, capacity 3462K, committed 3520K, reserved 4480K
Event: 1.661 GC heap after
Heap after GC invocations=23 (full 1):
 def new generation   total 4928K, used 512K [0x03e00000, 0x04350000, 0x19350000)
  eden space 4416K,   0% used [0x03e00000, 0x03e00000, 0x04250000)
  from space 512K, 100% used [0x042d0000, 0x04350000, 0x04350000)
  to   space 512K,   0% used [0x04250000, 0x04250000, 0x042d0000)
 tenured generation   total 17180K, used 15602K [0x19350000, 0x1a417000, 0x43e00000)
   the space 17180K,  90% used [0x19350000, 0x1a28c998, 0x1a28ca00, 0x1a417000)
 Metaspace       used 3425K, capacity 3462K, committed 3520K, reserved 4480K
}
Event: 1.730 GC heap before
{Heap before GC invocations=23 (full 1):
 def new generation   total 4928K, used 4928K [0x03e00000, 0x04350000, 0x19350000)
  eden space 4416K, 100% used [0x03e00000, 0x04250000, 0x04250000)
  from space 512K, 100% used [0x042d0000, 0x04350000, 0x04350000)
  to   space 512K,   0% used [0x04250000, 0x04250000, 0x042d0000)
 tenured generation   total 17180K, used 15602K [0x19350000, 0x1a417000, 0x43e00000)
   the space 17180K,  90% used [0x19350000, 0x1a28c998, 0x1a28ca00, 0x1a417000)
 Metaspace       used 3425K, capacity 3462K, committed 3520K, reserved 4480K
Event: 1.735 GC heap after
Heap after GC invocations=24 (full 1):
 def new generation   total 4928K, used 512K [0x03e00000, 0x04350000, 0x19350000)
  eden space 4416K,   0% used [0x03e00000, 0x03e00000, 0x04250000)
  from space 512K, 100% used [0x04250000, 0x042d0000, 0x042d0000)
  to   space 512K,   0% used [0x042d0000, 0x042d0000, 0x04350000)
 tenured generation   total 17180K, used 16357K [0x19350000, 0x1a417000, 0x43e00000)
   the space 17180K,  95% used [0x19350000, 0x1a3496c8, 0x1a349800, 0x1a417000)
 Metaspace       used 3425K, capacity 3462K, committed 3520K, reserved 4480K
}
Event: 1.758 GC heap before
{Heap before GC invocations=24 (full 1):
 def new generation   total 4928K, used 4928K [0x03e00000, 0x04350000, 0x19350000)
  eden space 4416K, 100% used [0x03e00000, 0x04250000, 0x04250000)
  from space 512K, 100% used [0x04250000, 0x042d0000, 0x042d0000)
  to   space 512K,   0% used [0x042d0000, 0x042d0000, 0x04350000)
 tenured generation   total 17180K, used 16357K [0x19350000, 0x1a417000, 0x43e00000)
   the space 17180K,  95% used [0x19350000, 0x1a3496c8, 0x1a349800, 0x1a417000)
 Metaspace       used 3425K, capacity 3462K, committed 3520K, reserved 4480K
Event: 1.761 GC heap after
Heap after GC invocations=25 (full 1):
 def new generation   total 4928K, used 511K [0x03e00000, 0x04350000, 0x19350000)
  eden space 4416K,   0% used [0x03e00000, 0x03e00000, 0x04250000)
  from space 512K,  99% used [0x042d0000, 0x0434fff8, 0x04350000)
  to   space 512K,   0% used [0x04250000, 0x04250000, 0x042d0000)
 tenured generation   total 17180K, used 17028K [0x19350000, 0x1a417000, 0x43e00000)
   the space 17180K,  99% used [0x19350000, 0x1a3f11f0, 0x1a3f1200, 0x1a417000)
 Metaspace       used 3425K, capacity 3462K, committed 3520K, reserved 4480K
}
Event: 2.304 GC heap before
{Heap before GC invocations=25 (full 1):
 def new generation   total 4928K, used 4927K [0x03e00000, 0x04350000, 0x19350000)
  eden space 4416K, 100% used [0x03e00000, 0x04250000, 0x04250000)
  from space 512K,  99% used [0x042d0000, 0x0434fff8, 0x04350000)
  to   space 512K,   0% used [0x04250000, 0x04250000, 0x042d0000)
 tenured generation   total 17180K, used 17028K [0x19350000, 0x1a417000, 0x43e00000)
   the space 17180K,  99% used [0x19350000, 0x1a3f11f0, 0x1a3f1200, 0x1a417000)
 Metaspace       used 3425K, capacity 3462K, committed 3520K, reserved 4480K

