# JRE version: Java(TM) SE Runtime Environment (8.0_91-b15) (build 1.8.0_91-b15)
# Java VM: Java HotSpot(TM) Client VM (25.91-b15 mixed mode windows-x86 )
Heap:
 def new generation   total 26752K, used 23808K [0x03c00000, 0x05900000, 0x19150000)
  eden space 23808K, 100% used [0x03c00000, 0x05340000, 0x05340000)
  from space 2944K,   0% used [0x05340000, 0x05340000, 0x05620000)
  to   space 2944K,  99% used [0x05620000, 0x058ffff8, 0x05900000)
 tenured generation   total 60576K, used 60575K [0x19150000, 0x1cc78000, 0x43c00000)
   the space 60576K,  99% used [0x19150000, 0x1cc77ff8, 0x1cc78000, 0x1cc78000)
 Metaspace       used 3331K, capacity 3462K, committed 3520K, reserved 4480K
GC Heap History (10 events):
Event: 1.492 GC heap after
Heap after GC invocations=14 (full 2):
 def new generation   total 14208K, used 1536K [0x03c00000, 0x04b60000, 0x19150000)
  eden space 12672K,   0% used [0x03c00000, 0x03c00000, 0x04860000)
  from space 1536K, 100% used [0x04860000, 0x049e0000, 0x049e0000)
  to   space 1536K,   0% used [0x049e0000, 0x049e0000, 0x04b60000)
 tenured generation   total 31432K, used 29694K [0x19150000, 0x1b002000, 0x43c00000)
   the space 31432K,  94% used [0x19150000, 0x1ae4fb20, 0x1ae4fc00, 0x1b002000)
 Metaspace       used 3320K, capacity 3462K, committed 3520K, reserved 4480K
}
Event: 1.528 GC heap before
{Heap before GC invocations=14 (full 2):
 def new generation   total 14208K, used 14208K [0x03c00000, 0x04b60000, 0x19150000)
  eden space 12672K, 100% used [0x03c00000, 0x04860000, 0x04860000)
  from space 1536K, 100% used [0x04860000, 0x049e0000, 0x049e0000)
  to   space 1536K,   0% used [0x049e0000, 0x049e0000, 0x04b60000)
 tenured generation   total 31432K, used 29694K [0x19150000, 0x1b002000, 0x43c00000)
   the space 31432K,  94% used [0x19150000, 0x1ae4fb20, 0x1ae4fc00, 0x1b002000)
 Metaspace       used 3320K, capacity 3462K, committed 3520K, reserved 4480K
Event: 2.114 GC heap after
Heap after GC invocations=15 (full 3):
 def new generation   total 25920K, used 0K [0x03c00000, 0x05820000, 0x19150000)
  eden space 23040K,   0% used [0x03c00000, 0x03c00000, 0x05280000)
  from space 2880K,   0% used [0x05280000, 0x05280000, 0x05550000)
  to   space 2880K,   0% used [0x05550000, 0x05550000, 0x05820000)
 tenured generation   total 57472K, used 34482K [0x19150000, 0x1c970000, 0x43c00000)
   the space 57472K,  59% used [0x19150000, 0x1b2fc9f8, 0x1b2fca00, 0x1c970000)
 Metaspace       used 3320K, capacity 3462K, committed 3520K, reserved 4480K
}
Event: 2.208 GC heap before
{Heap before GC invocations=15 (full 3):
 def new generation   total 25920K, used 23040K [0x03c00000, 0x05820000, 0x19150000)
  eden space 23040K, 100% used [0x03c00000, 0x05280000, 0x05280000)
  from space 2880K,   0% used [0x05280000, 0x05280000, 0x05550000)
  to   space 2880K,   0% used [0x05550000, 0x05550000, 0x05820000)
 tenured generation   total 57472K, used 34482K [0x19150000, 0x1c970000, 0x43c00000)
   the space 57472K,  59% used [0x19150000, 0x1b2fc9f8, 0x1b2fca00, 0x1c970000)
 Metaspace       used 3320K, capacity 3462K, committed 3520K, reserved 4480K
Event: 2.238 GC heap after
Heap after GC invocations=16 (full 3):
 def new generation   total 25920K, used 2880K [0x03c00000, 0x05820000, 0x19150000)
  eden space 23040K,   0% used [0x03c00000, 0x03c00000, 0x05280000)
  from space 2880K, 100% used [0x05550000, 0x05820000, 0x05820000)
  to   space 2880K,   0% used [0x05280000, 0x05280000, 0x05550000)
 tenured generation   total 57472K, used 43961K [0x19150000, 0x1c970000, 0x43c00000)
   the space 57472K,  76% used [0x19150000, 0x1bc3e788, 0x1bc3e800, 0x1c970000)
 Metaspace       used 3320K, capacity 3462K, committed 3520K, reserved 4480K
}
Event: 2.335 GC heap before
{Heap before GC invocations=16 (full 3):
 def new generation   total 25920K, used 25920K [0x03c00000, 0x05820000, 0x19150000)
  eden space 23040K, 100% used [0x03c00000, 0x05280000, 0x05280000)
  from space 2880K, 100% used [0x05550000, 0x05820000, 0x05820000)
  to   space 2880K,   0% used [0x05280000, 0x05280000, 0x05550000)
 tenured generation   total 57472K, used 43961K [0x19150000, 0x1c970000, 0x43c00000)
   the space 57472K,  76% used [0x19150000, 0x1bc3e788, 0x1bc3e800, 0x1c970000)
 Metaspace       used 3320K, capacity 3462K, committed 3520K, reserved 4480K
Event: 2.854 GC heap after
Heap after GC invocations=17 (full 3):
 def new generation   total 25920K, used 2880K [0x03c00000, 0x05820000, 0x19150000)
  eden space 23040K,   0% used [0x03c00000, 0x03c00000, 0x05280000)
  from space 2880K, 100% used [0x05280000, 0x05550000, 0x05550000)
  to   space 2880K,   0% used [0x05550000, 0x05550000, 0x05820000)
 tenured generation   total 57472K, used 50989K [0x19150000, 0x1c970000, 0x43c00000)
   the space 57472K,  88% used [0x19150000, 0x1c31b5f0, 0x1c31b600, 0x1c970000)
 Metaspace       used 3320K, capacity 3462K, committed 3520K, reserved 4480K
}
Event: 3.415 GC heap before
{Heap before GC invocations=17 (full 3):
 def new generation   total 25920K, used 25920K [0x03c00000, 0x05820000, 0x19150000)
  eden space 23040K, 100% used [0x03c00000, 0x05280000, 0x05280000)
  from space 2880K, 100% used [0x05280000, 0x05550000, 0x05550000)
  to   space 2880K,   0% used [0x05550000, 0x05550000, 0x05820000)
 tenured generation   total 57472K, used 50989K [0x19150000, 0x1c970000, 0x43c00000)
   the space 57472K,  88% used [0x19150000, 0x1c31b5f0, 0x1c31b600, 0x1c970000)
 Metaspace       used 3320K, capacity 3462K, committed 3520K, reserved 4480K
Event: 4.321 GC heap after
Heap after GC invocations=18 (full 4):
 def new generation   total 26752K, used 0K [0x03c00000, 0x05900000, 0x19150000)
  eden space 23808K,   0% used [0x03c00000, 0x03c00000, 0x05340000)
  from space 2944K,   0% used [0x05340000, 0x05340000, 0x05620000)
  to   space 2944K,   0% used [0x05620000, 0x05620000, 0x05900000)
 tenured generation   total 59264K, used 56470K [0x19150000, 0x1cb30000, 0x43c00000)
   the space 59264K,  95% used [0x19150000, 0x1c875b18, 0x1c875c00, 0x1cb30000)
 Metaspace       used 3320K, capacity 3462K, committed 3520K, reserved 4480K
}
Event: 4.507 GC heap before
{Heap before GC invocations=18 (full 4):
 def new generation   total 26752K, used 23808K [0x03c00000, 0x05900000, 0x19150000)
  eden space 23808K, 100% used [0x03c00000, 0x05340000, 0x05340000)
  from space 2944K,   0% used [0x05340000, 0x05340000, 0x05620000)
  to   space 2944K,   0% used [0x05620000, 0x05620000, 0x05900000)
 tenured generation   total 59264K, used 56470K [0x19150000, 0x1cb30000, 0x43c00000)
   the space 59264K,  95% used [0x19150000, 0x1c875b18, 0x1c875c00, 0x1cb30000)
 Metaspace       used 3331K, capacity 3462K, committed 3520K, reserved 4480K

