# JRE version: Java(TM) SE Runtime Environment (8.0_91-b15) (build 1.8.0_91-b15)
# Java VM: Java HotSpot(TM) Client VM (25.91-b15 mixed mode windows-x86 )
Heap:
 def new generation   total 48640K, used 48639K [0x03c00000, 0x070c0000, 0x19150000)
  eden space 43264K, 100% used [0x03c00000, 0x06640000, 0x06640000)
  from space 5376K,  99% used [0x06b80000, 0x070bfff8, 0x070c0000)
  to   space 5376K, 100% used [0x06640000, 0x06b80000, 0x06b80000)
 tenured generation   total 126620K, used 126618K [0x19150000, 0x20cf7000, 0x43c00000)
   the space 126620K,  99% used [0x19150000, 0x20cf69a8, 0x20cf6a00, 0x20cf7000)
 Metaspace       used 3328K, capacity 3462K, committed 3520K, reserved 4480K
GC Heap History (10 events):
Event: 8.175 GC heap after
Heap after GC invocations=25 (full 5):
 def new generation   total 48640K, used 5376K [0x03c00000, 0x070c0000, 0x19150000)
  eden space 43264K,   0% used [0x03c00000, 0x03c00000, 0x06640000)
  from space 5376K, 100% used [0x06640000, 0x06b80000, 0x06b80000)
  to   space 5376K,   0% used [0x06b80000, 0x06b80000, 0x070c0000)
 tenured generation   total 107980K, used 91567K [0x19150000, 0x1fac3000, 0x43c00000)
   the space 107980K,  84% used [0x19150000, 0x1eabbe38, 0x1eabc000, 0x1fac3000)
 Metaspace       used 3328K, capacity 3462K, committed 3520K, reserved 4480K
}
Event: 8.235 GC heap before
{Heap before GC invocations=25 (full 5):
 def new generation   total 48640K, used 48640K [0x03c00000, 0x070c0000, 0x19150000)
  eden space 43264K, 100% used [0x03c00000, 0x06640000, 0x06640000)
  from space 5376K, 100% used [0x06640000, 0x06b80000, 0x06b80000)
  to   space 5376K,   0% used [0x06b80000, 0x06b80000, 0x070c0000)
 tenured generation   total 107980K, used 91567K [0x19150000, 0x1fac3000, 0x43c00000)
   the space 107980K,  84% used [0x19150000, 0x1eabbe38, 0x1eabc000, 0x1fac3000)
 Metaspace       used 3328K, capacity 3462K, committed 3520K, reserved 4480K
Event: 8.411 GC heap after
Heap after GC invocations=26 (full 6):
 def new generation   total 48640K, used 0K [0x03c00000, 0x070c0000, 0x19150000)
  eden space 43264K,   0% used [0x03c00000, 0x03c00000, 0x06640000)
  from space 5376K,   0% used [0x06b80000, 0x06b80000, 0x070c0000)
  to   space 5376K,   0% used [0x06640000, 0x06640000, 0x06b80000)
 tenured generation   total 107980K, used 58039K [0x19150000, 0x1fac3000, 0x43c00000)
   the space 107980K,  53% used [0x19150000, 0x1c9fdfa8, 0x1c9fe000, 0x1fac3000)
 Metaspace       used 3328K, capacity 3462K, committed 3520K, reserved 4480K
}
Event: 8.523 GC heap before
{Heap before GC invocations=26 (full 6):
 def new generation   total 48640K, used 43264K [0x03c00000, 0x070c0000, 0x19150000)
  eden space 43264K, 100% used [0x03c00000, 0x06640000, 0x06640000)
  from space 5376K,   0% used [0x06b80000, 0x06b80000, 0x070c0000)
  to   space 5376K,   0% used [0x06640000, 0x06640000, 0x06b80000)
 tenured generation   total 107980K, used 58039K [0x19150000, 0x1fac3000, 0x43c00000)
   the space 107980K,  53% used [0x19150000, 0x1c9fdfa8, 0x1c9fe000, 0x1fac3000)
 Metaspace       used 3328K, capacity 3462K, committed 3520K, reserved 4480K
Event: 8.548 GC heap after
Heap after GC invocations=27 (full 6):
 def new generation   total 48640K, used 5376K [0x03c00000, 0x070c0000, 0x19150000)
  eden space 43264K,   0% used [0x03c00000, 0x03c00000, 0x06640000)
  from space 5376K, 100% used [0x06640000, 0x06b80000, 0x06b80000)
  to   space 5376K,   0% used [0x06b80000, 0x06b80000, 0x070c0000)
 tenured generation   total 107980K, used 67331K [0x19150000, 0x1fac3000, 0x43c00000)
   the space 107980K,  62% used [0x19150000, 0x1d310d50, 0x1d310e00, 0x1fac3000)
 Metaspace       used 3328K, capacity 3462K, committed 3520K, reserved 4480K
}
Event: 8.610 GC heap before
{Heap before GC invocations=27 (full 6):
 def new generation   total 48640K, used 48640K [0x03c00000, 0x070c0000, 0x19150000)
  eden space 43264K, 100% used [0x03c00000, 0x06640000, 0x06640000)
  from space 5376K, 100% used [0x06640000, 0x06b80000, 0x06b80000)
  to   space 5376K,   0% used [0x06b80000, 0x06b80000, 0x070c0000)
 tenured generation   total 107980K, used 67331K [0x19150000, 0x1fac3000, 0x43c00000)
   the space 107980K,  62% used [0x19150000, 0x1d310d50, 0x1d310e00, 0x1fac3000)
 Metaspace       used 3328K, capacity 3462K, committed 3520K, reserved 4480K
Event: 8.639 GC heap after
Heap after GC invocations=28 (full 6):
 def new generation   total 48640K, used 5376K [0x03c00000, 0x070c0000, 0x19150000)
  eden space 43264K,   0% used [0x03c00000, 0x03c00000, 0x06640000)
  from space 5376K, 100% used [0x06b80000, 0x070c0000, 0x070c0000)
  to   space 5376K,   0% used [0x06640000, 0x06640000, 0x06b80000)
 tenured generation   total 107980K, used 85458K [0x19150000, 0x1fac3000, 0x43c00000)
   the space 107980K,  79% used [0x19150000, 0x1e4c49f0, 0x1e4c4a00, 0x1fac3000)
 Metaspace       used 3328K, capacity 3462K, committed 3520K, reserved 4480K
}
Event: 8.701 GC heap before
{Heap before GC invocations=28 (full 6):
 def new generation   total 48640K, used 48640K [0x03c00000, 0x070c0000, 0x19150000)
  eden space 43264K, 100% used [0x03c00000, 0x06640000, 0x06640000)
  from space 5376K, 100% used [0x06b80000, 0x070c0000, 0x070c0000)
  to   space 5376K,   0% used [0x06640000, 0x06640000, 0x06b80000)
 tenured generation   total 107980K, used 85458K [0x19150000, 0x1fac3000, 0x43c00000)
   the space 107980K,  79% used [0x19150000, 0x1e4c49f0, 0x1e4c4a00, 0x1fac3000)
 Metaspace       used 3328K, capacity 3462K, committed 3520K, reserved 4480K
Event: 8.739 GC heap after
Heap after GC invocations=29 (full 6):
 def new generation   total 48640K, used 5376K [0x03c00000, 0x070c0000, 0x19150000)
  eden space 43264K,   0% used [0x03c00000, 0x03c00000, 0x06640000)
  from space 5376K, 100% used [0x06640000, 0x06b80000, 0x06b80000)
  to   space 5376K,   0% used [0x06b80000, 0x06b80000, 0x070c0000)
 tenured generation   total 107980K, used 106360K [0x19150000, 0x1fac3000, 0x43c00000)
   the space 107980K,  98% used [0x19150000, 0x1f92e130, 0x1f92e200, 0x1fac3000)
 Metaspace       used 3328K, capacity 3462K, committed 3520K, reserved 4480K
}
Event: 8.815 GC heap before
{Heap before GC invocations=29 (full 6):
 def new generation   total 48640K, used 48640K [0x03c00000, 0x070c0000, 0x19150000)
  eden space 43264K, 100% used [0x03c00000, 0x06640000, 0x06640000)
  from space 5376K, 100% used [0x06640000, 0x06b80000, 0x06b80000)
  to   space 5376K,   0% used [0x06b80000, 0x06b80000, 0x070c0000)
 tenured generation   total 107980K, used 106360K [0x19150000, 0x1fac3000, 0x43c00000)
   the space 107980K,  98% used [0x19150000, 0x1f92e130, 0x1f92e200, 0x1fac3000)
 Metaspace       used 3328K, capacity 3462K, committed 3520K, reserved 4480K

